{"C:\\Users\\etite\\Desktop\\myweb\\app.js": {"path":"C:\\Users\\etite\\Desktop\\myweb\\app.js","statementMap":{"0":{"start":{"line":15,"column":12},"end":{"line":15,"column":21}},"1":{"start":{"line":19,"column":0},"end":{"line":19,"column":18}},"2":{"start":{"line":22,"column":0},"end":{"line":24,"column":1}},"3":{"start":{"line":23,"column":2},"end":{"line":23,"column":25}},"4":{"start":{"line":27,"column":16},"end":{"line":31,"column":2}},"5":{"start":{"line":32,"column":0},"end":{"line":32,"column":25}},"6":{"start":{"line":35,"column":0},"end":{"line":35,"column":41}},"7":{"start":{"line":38,"column":0},"end":{"line":38,"column":25}},"8":{"start":{"line":41,"column":0},"end":{"line":41,"column":15}},"9":{"start":{"line":44,"column":0},"end":{"line":48,"column":2}},"10":{"start":{"line":51,"column":0},"end":{"line":51,"column":35}},"11":{"start":{"line":54,"column":0},"end":{"line":58,"column":3}},"12":{"start":{"line":55,"column":2},"end":{"line":55,"column":45}},"13":{"start":{"line":57,"column":2},"end":{"line":57,"column":9}},"14":{"start":{"line":61,"column":0},"end":{"line":61,"column":37}},"15":{"start":{"line":62,"column":0},"end":{"line":62,"column":37}},"16":{"start":{"line":63,"column":0},"end":{"line":63,"column":43}},"17":{"start":{"line":65,"column":0},"end":{"line":67,"column":3}},"18":{"start":{"line":66,"column":2},"end":{"line":66,"column":75}},"19":{"start":{"line":69,"column":0},"end":{"line":69,"column":28}}},"fnMap":{"0":{"name":"(anonymous_0)","decl":{"start":{"line":54,"column":8},"end":{"line":54,"column":9}},"loc":{"start":{"line":54,"column":28},"end":{"line":58,"column":1}},"line":54},"1":{"name":"(anonymous_1)","decl":{"start":{"line":65,"column":13},"end":{"line":65,"column":14}},"loc":{"start":{"line":65,"column":33},"end":{"line":67,"column":1}},"line":65}},"branchMap":{"0":{"loc":{"start":{"line":22,"column":0},"end":{"line":24,"column":1}},"type":"if","locations":[{"start":{"line":22,"column":0},"end":{"line":24,"column":1}},{"start":{},"end":{}}],"line":22}},"s":{"0":1,"1":1,"2":1,"3":0,"4":1,"5":1,"6":1,"7":1,"8":1,"9":1,"10":1,"11":1,"12":3,"13":3,"14":1,"15":1,"16":1,"17":1,"18":0,"19":1},"f":{"0":3,"1":0},"b":{"0":[0,1]},"_coverageSchema":"1a1c01bbd47fc00a2c39e90264f33305004495a9","hash":"b88bd6417fc198a1c4f2c0562f847072d0a81591"}
,"C:\\Users\\etite\\Desktop\\myweb\\controllers\\authController.js": {"path":"C:\\Users\\etite\\Desktop\\myweb\\controllers\\authController.js","statementMap":{"0":{"start":{"line":9,"column":18},"end":{"line":13,"column":1}},"1":{"start":{"line":10,"column":2},"end":{"line":12,"column":5}},"2":{"start":{"line":15,"column":24},"end":{"line":37,"column":1}},"3":{"start":{"line":16,"column":16},"end":{"line":16,"column":35}},"4":{"start":{"line":17,"column":24},"end":{"line":22,"column":3}},"5":{"start":{"line":23,"column":2},"end":{"line":23,"column":73}},"6":{"start":{"line":23,"column":45},"end":{"line":23,"column":73}},"7":{"start":{"line":25,"column":2},"end":{"line":25,"column":42}},"8":{"start":{"line":28,"column":2},"end":{"line":28,"column":28}},"9":{"start":{"line":30,"column":2},"end":{"line":36,"column":5}},"10":{"start":{"line":39,"column":22},"end":{"line":48,"column":2}},"11":{"start":{"line":40,"column":18},"end":{"line":45,"column":4}},"12":{"start":{"line":47,"column":2},"end":{"line":47,"column":37}},"13":{"start":{"line":50,"column":21},"end":{"line":66,"column":2}},"14":{"start":{"line":51,"column":30},"end":{"line":51,"column":38}},"15":{"start":{"line":54,"column":2},"end":{"line":56,"column":3}},"16":{"start":{"line":55,"column":4},"end":{"line":55,"column":73}},"17":{"start":{"line":58,"column":15},"end":{"line":58,"column":64}},"18":{"start":{"line":60,"column":2},"end":{"line":62,"column":3}},"19":{"start":{"line":61,"column":4},"end":{"line":61,"column":66}},"20":{"start":{"line":65,"column":2},"end":{"line":65,"column":34}},"21":{"start":{"line":68,"column":23},"end":{"line":108,"column":2}},"22":{"start":{"line":71,"column":2},"end":{"line":76,"column":3}},"23":{"start":{"line":75,"column":4},"end":{"line":75,"column":52}},"24":{"start":{"line":78,"column":2},"end":{"line":82,"column":3}},"25":{"start":{"line":79,"column":4},"end":{"line":81,"column":6}},"26":{"start":{"line":85,"column":18},"end":{"line":85,"column":76}},"27":{"start":{"line":88,"column":22},"end":{"line":88,"column":53}},"28":{"start":{"line":89,"column":2},"end":{"line":96,"column":3}},"29":{"start":{"line":90,"column":4},"end":{"line":95,"column":6}},"30":{"start":{"line":99,"column":2},"end":{"line":103,"column":3}},"31":{"start":{"line":100,"column":4},"end":{"line":102,"column":6}},"32":{"start":{"line":106,"column":2},"end":{"line":106,"column":25}},"33":{"start":{"line":107,"column":2},"end":{"line":107,"column":9}},"34":{"start":{"line":111,"column":2},"end":{"line":120,"column":4}},"35":{"start":{"line":113,"column":4},"end":{"line":117,"column":5}},"36":{"start":{"line":114,"column":6},"end":{"line":116,"column":8}},"37":{"start":{"line":119,"column":4},"end":{"line":119,"column":11}},"38":{"start":{"line":123,"column":30},"end":{"line":162,"column":2}},"39":{"start":{"line":125,"column":15},"end":{"line":125,"column":60}},"40":{"start":{"line":126,"column":2},"end":{"line":128,"column":3}},"41":{"start":{"line":127,"column":4},"end":{"line":127,"column":75}},"42":{"start":{"line":131,"column":21},"end":{"line":131,"column":52}},"43":{"start":{"line":132,"column":2},"end":{"line":132,"column":49}},"44":{"start":{"line":135,"column":19},"end":{"line":137,"column":46}},"45":{"start":{"line":139,"column":18},"end":{"line":139,"column":187}},"46":{"start":{"line":141,"column":2},"end":{"line":161,"column":3}},"47":{"start":{"line":142,"column":4},"end":{"line":146,"column":7}},"48":{"start":{"line":148,"column":4},"end":{"line":151,"column":7}},"49":{"start":{"line":153,"column":4},"end":{"line":153,"column":40}},"50":{"start":{"line":154,"column":4},"end":{"line":154,"column":42}},"51":{"start":{"line":155,"column":4},"end":{"line":155,"column":51}},"52":{"start":{"line":157,"column":4},"end":{"line":160,"column":6}},"53":{"start":{"line":164,"column":29},"end":{"line":188,"column":2}},"54":{"start":{"line":166,"column":22},"end":{"line":168,"column":18}},"55":{"start":{"line":170,"column":15},"end":{"line":173,"column":4}},"56":{"start":{"line":176,"column":2},"end":{"line":178,"column":3}},"57":{"start":{"line":177,"column":4},"end":{"line":177,"column":70}},"58":{"start":{"line":179,"column":2},"end":{"line":179,"column":36}},"59":{"start":{"line":180,"column":2},"end":{"line":180,"column":50}},"60":{"start":{"line":181,"column":2},"end":{"line":181,"column":38}},"61":{"start":{"line":182,"column":2},"end":{"line":182,"column":40}},"62":{"start":{"line":183,"column":2},"end":{"line":183,"column":20}},"63":{"start":{"line":187,"column":2},"end":{"line":187,"column":34}},"64":{"start":{"line":190,"column":30},"end":{"line":207,"column":2}},"65":{"start":{"line":192,"column":15},"end":{"line":192,"column":67}},"66":{"start":{"line":195,"column":2},"end":{"line":197,"column":3}},"67":{"start":{"line":196,"column":4},"end":{"line":196,"column":70}},"68":{"start":{"line":200,"column":2},"end":{"line":200,"column":36}},"69":{"start":{"line":201,"column":2},"end":{"line":201,"column":50}},"70":{"start":{"line":202,"column":2},"end":{"line":202,"column":20}},"71":{"start":{"line":206,"column":2},"end":{"line":206,"column":34}}},"fnMap":{"0":{"name":"(anonymous_0)","decl":{"start":{"line":9,"column":18},"end":{"line":9,"column":19}},"loc":{"start":{"line":9,"column":24},"end":{"line":13,"column":1}},"line":9},"1":{"name":"(anonymous_1)","decl":{"start":{"line":15,"column":24},"end":{"line":15,"column":25}},"loc":{"start":{"line":15,"column":51},"end":{"line":37,"column":1}},"line":15},"2":{"name":"(anonymous_2)","decl":{"start":{"line":39,"column":33},"end":{"line":39,"column":34}},"loc":{"start":{"line":39,"column":59},"end":{"line":48,"column":1}},"line":39},"3":{"name":"(anonymous_3)","decl":{"start":{"line":50,"column":32},"end":{"line":50,"column":33}},"loc":{"start":{"line":50,"column":58},"end":{"line":66,"column":1}},"line":50},"4":{"name":"(anonymous_4)","decl":{"start":{"line":68,"column":34},"end":{"line":68,"column":35}},"loc":{"start":{"line":68,"column":60},"end":{"line":108,"column":1}},"line":68},"5":{"name":"restrictTo","decl":{"start":{"line":110,"column":16},"end":{"line":110,"column":26}},"loc":{"start":{"line":110,"column":37},"end":{"line":121,"column":1}},"line":110},"6":{"name":"(anonymous_6)","decl":{"start":{"line":111,"column":9},"end":{"line":111,"column":10}},"loc":{"start":{"line":111,"column":29},"end":{"line":120,"column":3}},"line":111},"7":{"name":"(anonymous_7)","decl":{"start":{"line":123,"column":41},"end":{"line":123,"column":42}},"loc":{"start":{"line":123,"column":67},"end":{"line":162,"column":1}},"line":123},"8":{"name":"(anonymous_8)","decl":{"start":{"line":164,"column":40},"end":{"line":164,"column":41}},"loc":{"start":{"line":164,"column":66},"end":{"line":188,"column":1}},"line":164},"9":{"name":"(anonymous_9)","decl":{"start":{"line":190,"column":41},"end":{"line":190,"column":42}},"loc":{"start":{"line":190,"column":67},"end":{"line":207,"column":1}},"line":190}},"branchMap":{"0":{"loc":{"start":{"line":23,"column":2},"end":{"line":23,"column":73}},"type":"if","locations":[{"start":{"line":23,"column":2},"end":{"line":23,"column":73}},{"start":{},"end":{}}],"line":23},"1":{"loc":{"start":{"line":54,"column":2},"end":{"line":56,"column":3}},"type":"if","locations":[{"start":{"line":54,"column":2},"end":{"line":56,"column":3}},{"start":{},"end":{}}],"line":54},"2":{"loc":{"start":{"line":54,"column":6},"end":{"line":54,"column":25}},"type":"binary-expr","locations":[{"start":{"line":54,"column":6},"end":{"line":54,"column":12}},{"start":{"line":54,"column":16},"end":{"line":54,"column":25}}],"line":54},"3":{"loc":{"start":{"line":60,"column":2},"end":{"line":62,"column":3}},"type":"if","locations":[{"start":{"line":60,"column":2},"end":{"line":62,"column":3}},{"start":{},"end":{}}],"line":60},"4":{"loc":{"start":{"line":60,"column":6},"end":{"line":60,"column":69}},"type":"binary-expr","locations":[{"start":{"line":60,"column":6},"end":{"line":60,"column":11}},{"start":{"line":60,"column":15},"end":{"line":60,"column":69}}],"line":60},"5":{"loc":{"start":{"line":71,"column":2},"end":{"line":76,"column":3}},"type":"if","locations":[{"start":{"line":71,"column":2},"end":{"line":76,"column":3}},{"start":{},"end":{}}],"line":71},"6":{"loc":{"start":{"line":72,"column":4},"end":{"line":73,"column":50}},"type":"binary-expr","locations":[{"start":{"line":72,"column":4},"end":{"line":72,"column":29}},{"start":{"line":73,"column":4},"end":{"line":73,"column":50}}],"line":72},"7":{"loc":{"start":{"line":78,"column":2},"end":{"line":82,"column":3}},"type":"if","locations":[{"start":{"line":78,"column":2},"end":{"line":82,"column":3}},{"start":{},"end":{}}],"line":78},"8":{"loc":{"start":{"line":89,"column":2},"end":{"line":96,"column":3}},"type":"if","locations":[{"start":{"line":89,"column":2},"end":{"line":96,"column":3}},{"start":{},"end":{}}],"line":89},"9":{"loc":{"start":{"line":99,"column":2},"end":{"line":103,"column":3}},"type":"if","locations":[{"start":{"line":99,"column":2},"end":{"line":103,"column":3}},{"start":{},"end":{}}],"line":99},"10":{"loc":{"start":{"line":113,"column":4},"end":{"line":117,"column":5}},"type":"if","locations":[{"start":{"line":113,"column":4},"end":{"line":117,"column":5}},{"start":{},"end":{}}],"line":113},"11":{"loc":{"start":{"line":126,"column":2},"end":{"line":128,"column":3}},"type":"if","locations":[{"start":{"line":126,"column":2},"end":{"line":128,"column":3}},{"start":{},"end":{}}],"line":126},"12":{"loc":{"start":{"line":176,"column":2},"end":{"line":178,"column":3}},"type":"if","locations":[{"start":{"line":176,"column":2},"end":{"line":178,"column":3}},{"start":{},"end":{}}],"line":176},"13":{"loc":{"start":{"line":195,"column":2},"end":{"line":197,"column":3}},"type":"if","locations":[{"start":{"line":195,"column":2},"end":{"line":197,"column":3}},{"start":{},"end":{}}],"line":195}},"s":{"0":1,"1":0,"2":1,"3":0,"4":0,"5":0,"6":0,"7":0,"8":0,"9":0,"10":1,"11":0,"12":0,"13":1,"14":0,"15":0,"16":0,"17":0,"18":0,"19":0,"20":0,"21":1,"22":2,"23":0,"24":2,"25":2,"26":0,"27":0,"28":0,"29":0,"30":0,"31":0,"32":0,"33":0,"34":6,"35":0,"36":0,"37":0,"38":1,"39":0,"40":0,"41":0,"42":0,"43":0,"44":0,"45":0,"46":0,"47":0,"48":0,"49":0,"50":0,"51":0,"52":0,"53":1,"54":0,"55":0,"56":0,"57":0,"58":0,"59":0,"60":0,"61":0,"62":0,"63":0,"64":1,"65":0,"66":0,"67":0,"68":0,"69":0,"70":0,"71":0},"f":{"0":0,"1":0,"2":0,"3":0,"4":2,"5":6,"6":0,"7":0,"8":0,"9":0},"b":{"0":[0,0],"1":[0,0],"2":[0,0],"3":[0,0],"4":[0,0],"5":[0,2],"6":[2,0],"7":[2,0],"8":[0,0],"9":[0,0],"10":[0,0],"11":[0,0],"12":[0,0],"13":[0,0]},"_coverageSchema":"1a1c01bbd47fc00a2c39e90264f33305004495a9","hash":"35fb22889f5223f29de2a37521ec9a7ab6f7958b"}
,"C:\\Users\\etite\\Desktop\\myweb\\controllers\\blogController.js": {"path":"C:\\Users\\etite\\Desktop\\myweb\\controllers\\blogController.js","statementMap":{"0":{"start":{"line":7,"column":2},"end":{"line":7,"column":24}},"1":{"start":{"line":8,"column":2},"end":{"line":8,"column":35}},"2":{"start":{"line":9,"column":2},"end":{"line":9,"column":58}},"3":{"start":{"line":10,"column":2},"end":{"line":10,"column":9}},"4":{"start":{"line":13,"column":27},"end":{"line":13,"column":39}},"5":{"start":{"line":14,"column":23},"end":{"line":14,"column":57}},"6":{"start":{"line":15,"column":26},"end":{"line":15,"column":41}},"7":{"start":{"line":16,"column":26},"end":{"line":16,"column":41}},"8":{"start":{"line":17,"column":26},"end":{"line":17,"column":41}},"9":{"start":{"line":19,"column":28},"end":{"line":43,"column":2}},"10":{"start":{"line":20,"column":16},"end":{"line":35,"column":4}},"11":{"start":{"line":37,"column":2},"end":{"line":42,"column":5}}},"fnMap":{"0":{"name":"aliasTopBlogs","decl":{"start":{"line":6,"column":16},"end":{"line":6,"column":29}},"loc":{"start":{"line":6,"column":46},"end":{"line":11,"column":1}},"line":6},"1":{"name":"(anonymous_1)","decl":{"start":{"line":19,"column":39},"end":{"line":19,"column":40}},"loc":{"start":{"line":19,"column":65},"end":{"line":43,"column":1}},"line":19}},"branchMap":{},"s":{"0":0,"1":0,"2":0,"3":0,"4":1,"5":1,"6":1,"7":1,"8":1,"9":1,"10":0,"11":0},"f":{"0":0,"1":0},"b":{},"_coverageSchema":"1a1c01bbd47fc00a2c39e90264f33305004495a9","hash":"3d7570e0e2827c7b2111892e4678d11a146f19d6"}
,"C:\\Users\\etite\\Desktop\\myweb\\controllers\\commentController.js": {"path":"C:\\Users\\etite\\Desktop\\myweb\\controllers\\commentController.js","statementMap":{"0":{"start":{"line":7,"column":2},"end":{"line":7,"column":56}},"1":{"start":{"line":7,"column":22},"end":{"line":7,"column":56}},"2":{"start":{"line":8,"column":2},"end":{"line":8,"column":50}},"3":{"start":{"line":8,"column":22},"end":{"line":8,"column":50}},"4":{"start":{"line":9,"column":2},"end":{"line":9,"column":9}},"5":{"start":{"line":12,"column":30},"end":{"line":12,"column":45}},"6":{"start":{"line":13,"column":26},"end":{"line":13,"column":41}},"7":{"start":{"line":14,"column":29},"end":{"line":14,"column":47}},"8":{"start":{"line":15,"column":29},"end":{"line":15,"column":47}},"9":{"start":{"line":16,"column":29},"end":{"line":16,"column":47}}},"fnMap":{"0":{"name":"setBlogUserIds","decl":{"start":{"line":5,"column":16},"end":{"line":5,"column":30}},"loc":{"start":{"line":5,"column":47},"end":{"line":10,"column":1}},"line":5}},"branchMap":{"0":{"loc":{"start":{"line":7,"column":2},"end":{"line":7,"column":56}},"type":"if","locations":[{"start":{"line":7,"column":2},"end":{"line":7,"column":56}},{"start":{},"end":{}}],"line":7},"1":{"loc":{"start":{"line":8,"column":2},"end":{"line":8,"column":50}},"type":"if","locations":[{"start":{"line":8,"column":2},"end":{"line":8,"column":50}},{"start":{},"end":{}}],"line":8}},"s":{"0":0,"1":0,"2":0,"3":0,"4":0,"5":1,"6":1,"7":1,"8":1,"9":1},"f":{"0":0},"b":{"0":[0,0],"1":[0,0]},"_coverageSchema":"1a1c01bbd47fc00a2c39e90264f33305004495a9","hash":"cdaa309adcbcbdddb4eaf5d0217bac99fdff9553"}
,"C:\\Users\\etite\\Desktop\\myweb\\controllers\\errorController.js": {"path":"C:\\Users\\etite\\Desktop\\myweb\\controllers\\errorController.js","statementMap":{"0":{"start":{"line":3,"column":26},"end":{"line":6,"column":1}},"1":{"start":{"line":4,"column":18},"end":{"line":4,"column":54}},"2":{"start":{"line":5,"column":2},"end":{"line":5,"column":36}},"3":{"start":{"line":8,"column":32},"end":{"line":14,"column":1}},"4":{"start":{"line":9,"column":16},"end":{"line":9,"column":55}},"5":{"start":{"line":10,"column":2},"end":{"line":10,"column":21}},"6":{"start":{"line":12,"column":18},"end":{"line":12,"column":78}},"7":{"start":{"line":13,"column":2},"end":{"line":13,"column":36}},"8":{"start":{"line":16,"column":32},"end":{"line":21,"column":1}},"9":{"start":{"line":17,"column":17},"end":{"line":17,"column":64}},"10":{"start":{"line":17,"column":53},"end":{"line":17,"column":63}},"11":{"start":{"line":19,"column":18},"end":{"line":19,"column":60}},"12":{"start":{"line":20,"column":2},"end":{"line":20,"column":36}},"13":{"start":{"line":23,"column":23},"end":{"line":24,"column":58}},"14":{"start":{"line":24,"column":2},"end":{"line":24,"column":58}},"15":{"start":{"line":26,"column":30},"end":{"line":27,"column":67}},"16":{"start":{"line":27,"column":2},"end":{"line":27,"column":67}},"17":{"start":{"line":29,"column":21},"end":{"line":36,"column":1}},"18":{"start":{"line":30,"column":2},"end":{"line":35,"column":5}},"19":{"start":{"line":38,"column":22},"end":{"line":57,"column":1}},"20":{"start":{"line":40,"column":2},"end":{"line":56,"column":3}},"21":{"start":{"line":41,"column":4},"end":{"line":44,"column":7}},"22":{"start":{"line":49,"column":4},"end":{"line":49,"column":35}},"23":{"start":{"line":52,"column":4},"end":{"line":55,"column":7}},"24":{"start":{"line":62,"column":2},"end":{"line":62,"column":41}},"25":{"start":{"line":63,"column":2},"end":{"line":63,"column":37}},"26":{"start":{"line":65,"column":2},"end":{"line":78,"column":3}},"27":{"start":{"line":66,"column":4},"end":{"line":66,"column":27}},"28":{"start":{"line":67,"column":9},"end":{"line":78,"column":3}},"29":{"start":{"line":68,"column":16},"end":{"line":68,"column":26}},"30":{"start":{"line":70,"column":4},"end":{"line":70,"column":69}},"31":{"start":{"line":70,"column":36},"end":{"line":70,"column":69}},"32":{"start":{"line":71,"column":4},"end":{"line":71,"column":69}},"33":{"start":{"line":71,"column":30},"end":{"line":71,"column":69}},"34":{"start":{"line":72,"column":4},"end":{"line":73,"column":45}},"35":{"start":{"line":73,"column":6},"end":{"line":73,"column":45}},"36":{"start":{"line":74,"column":4},"end":{"line":74,"column":69}},"37":{"start":{"line":74,"column":44},"end":{"line":74,"column":69}},"38":{"start":{"line":75,"column":4},"end":{"line":75,"column":76}},"39":{"start":{"line":75,"column":44},"end":{"line":75,"column":76}},"40":{"start":{"line":77,"column":4},"end":{"line":77,"column":30}}},"fnMap":{"0":{"name":"(anonymous_0)","decl":{"start":{"line":3,"column":26},"end":{"line":3,"column":27}},"loc":{"start":{"line":3,"column":33},"end":{"line":6,"column":1}},"line":3},"1":{"name":"(anonymous_1)","decl":{"start":{"line":8,"column":32},"end":{"line":8,"column":33}},"loc":{"start":{"line":8,"column":39},"end":{"line":14,"column":1}},"line":8},"2":{"name":"(anonymous_2)","decl":{"start":{"line":16,"column":32},"end":{"line":16,"column":33}},"loc":{"start":{"line":16,"column":39},"end":{"line":21,"column":1}},"line":16},"3":{"name":"(anonymous_3)","decl":{"start":{"line":17,"column":47},"end":{"line":17,"column":48}},"loc":{"start":{"line":17,"column":53},"end":{"line":17,"column":63}},"line":17},"4":{"name":"(anonymous_4)","decl":{"start":{"line":23,"column":23},"end":{"line":23,"column":24}},"loc":{"start":{"line":24,"column":2},"end":{"line":24,"column":58}},"line":24},"5":{"name":"(anonymous_5)","decl":{"start":{"line":26,"column":30},"end":{"line":26,"column":31}},"loc":{"start":{"line":27,"column":2},"end":{"line":27,"column":67}},"line":27},"6":{"name":"(anonymous_6)","decl":{"start":{"line":29,"column":21},"end":{"line":29,"column":22}},"loc":{"start":{"line":29,"column":35},"end":{"line":36,"column":1}},"line":29},"7":{"name":"(anonymous_7)","decl":{"start":{"line":38,"column":22},"end":{"line":38,"column":23}},"loc":{"start":{"line":38,"column":36},"end":{"line":57,"column":1}},"line":38},"8":{"name":"(anonymous_8)","decl":{"start":{"line":59,"column":15},"end":{"line":59,"column":16}},"loc":{"start":{"line":59,"column":40},"end":{"line":79,"column":1}},"line":59}},"branchMap":{"0":{"loc":{"start":{"line":40,"column":2},"end":{"line":56,"column":3}},"type":"if","locations":[{"start":{"line":40,"column":2},"end":{"line":56,"column":3}},{"start":{"line":47,"column":9},"end":{"line":56,"column":3}}],"line":40},"1":{"loc":{"start":{"line":62,"column":19},"end":{"line":62,"column":40}},"type":"binary-expr","locations":[{"start":{"line":62,"column":19},"end":{"line":62,"column":33}},{"start":{"line":62,"column":37},"end":{"line":62,"column":40}}],"line":62},"2":{"loc":{"start":{"line":63,"column":15},"end":{"line":63,"column":36}},"type":"binary-expr","locations":[{"start":{"line":63,"column":15},"end":{"line":63,"column":25}},{"start":{"line":63,"column":29},"end":{"line":63,"column":36}}],"line":63},"3":{"loc":{"start":{"line":65,"column":2},"end":{"line":78,"column":3}},"type":"if","locations":[{"start":{"line":65,"column":2},"end":{"line":78,"column":3}},{"start":{"line":67,"column":9},"end":{"line":78,"column":3}}],"line":65},"4":{"loc":{"start":{"line":67,"column":9},"end":{"line":78,"column":3}},"type":"if","locations":[{"start":{"line":67,"column":9},"end":{"line":78,"column":3}},{"start":{},"end":{}}],"line":67},"5":{"loc":{"start":{"line":70,"column":4},"end":{"line":70,"column":69}},"type":"if","locations":[{"start":{"line":70,"column":4},"end":{"line":70,"column":69}},{"start":{},"end":{}}],"line":70},"6":{"loc":{"start":{"line":71,"column":4},"end":{"line":71,"column":69}},"type":"if","locations":[{"start":{"line":71,"column":4},"end":{"line":71,"column":69}},{"start":{},"end":{}}],"line":71},"7":{"loc":{"start":{"line":72,"column":4},"end":{"line":73,"column":45}},"type":"if","locations":[{"start":{"line":72,"column":4},"end":{"line":73,"column":45}},{"start":{},"end":{}}],"line":72},"8":{"loc":{"start":{"line":74,"column":4},"end":{"line":74,"column":69}},"type":"if","locations":[{"start":{"line":74,"column":4},"end":{"line":74,"column":69}},{"start":{},"end":{}}],"line":74},"9":{"loc":{"start":{"line":75,"column":4},"end":{"line":75,"column":76}},"type":"if","locations":[{"start":{"line":75,"column":4},"end":{"line":75,"column":76}},{"start":{},"end":{}}],"line":75}},"s":{"0":1,"1":0,"2":0,"3":1,"4":0,"5":0,"6":0,"7":0,"8":1,"9":0,"10":0,"11":0,"12":0,"13":1,"14":0,"15":1,"16":0,"17":1,"18":0,"19":1,"20":0,"21":0,"22":0,"23":0,"24":2,"25":2,"26":2,"27":0,"28":2,"29":0,"30":0,"31":0,"32":0,"33":0,"34":0,"35":0,"36":0,"37":0,"38":0,"39":0,"40":0},"f":{"0":0,"1":0,"2":0,"3":0,"4":0,"5":0,"6":0,"7":0,"8":2},"b":{"0":[0,0],"1":[2,0],"2":[2,0],"3":[0,2],"4":[0,2],"5":[0,0],"6":[0,0],"7":[0,0],"8":[0,0],"9":[0,0]},"_coverageSchema":"1a1c01bbd47fc00a2c39e90264f33305004495a9","hash":"8ea9dc1237e8debbf45c1a274a4396388bcf8129"}
,"C:\\Users\\etite\\Desktop\\myweb\\controllers\\handlerFactory.js": {"path":"C:\\Users\\etite\\Desktop\\myweb\\controllers\\handlerFactory.js","statementMap":{"0":{"start":{"line":6,"column":6},"end":{"line":17,"column":5}},"1":{"start":{"line":7,"column":16},"end":{"line":7,"column":60}},"2":{"start":{"line":9,"column":4},"end":{"line":11,"column":5}},"3":{"start":{"line":10,"column":6},"end":{"line":10,"column":71}},"4":{"start":{"line":13,"column":4},"end":{"line":16,"column":7}},"5":{"start":{"line":20,"column":6},"end":{"line":36,"column":5}},"6":{"start":{"line":21,"column":16},"end":{"line":24,"column":6}},"7":{"start":{"line":26,"column":4},"end":{"line":28,"column":5}},"8":{"start":{"line":27,"column":6},"end":{"line":27,"column":71}},"9":{"start":{"line":30,"column":4},"end":{"line":35,"column":7}},"10":{"start":{"line":39,"column":6},"end":{"line":48,"column":5}},"11":{"start":{"line":40,"column":16},"end":{"line":40,"column":44}},"12":{"start":{"line":42,"column":4},"end":{"line":47,"column":7}},"13":{"start":{"line":50,"column":47},"end":{"line":65,"column":5}},"14":{"start":{"line":51,"column":16},"end":{"line":51,"column":45}},"15":{"start":{"line":52,"column":4},"end":{"line":52,"column":55}},"16":{"start":{"line":52,"column":20},"end":{"line":52,"column":55}},"17":{"start":{"line":53,"column":16},"end":{"line":53,"column":27}},"18":{"start":{"line":55,"column":4},"end":{"line":57,"column":5}},"19":{"start":{"line":56,"column":6},"end":{"line":56,"column":71}},"20":{"start":{"line":59,"column":4},"end":{"line":64,"column":7}},"21":{"start":{"line":68,"column":6},"end":{"line":89,"column":5}},"22":{"start":{"line":70,"column":17},"end":{"line":70,"column":19}},"23":{"start":{"line":71,"column":4},"end":{"line":71,"column":64}},"24":{"start":{"line":71,"column":27},"end":{"line":71,"column":64}},"25":{"start":{"line":73,"column":21},"end":{"line":77,"column":17}},"26":{"start":{"line":79,"column":16},"end":{"line":79,"column":36}},"27":{"start":{"line":82,"column":4},"end":{"line":88,"column":7}}},"fnMap":{"0":{"name":"deleteOne","decl":{"start":{"line":5,"column":16},"end":{"line":5,"column":25}},"loc":{"start":{"line":6,"column":2},"end":{"line":17,"column":9}},"line":6},"1":{"name":"(anonymous_1)","decl":{"start":{"line":6,"column":24},"end":{"line":6,"column":25}},"loc":{"start":{"line":6,"column":50},"end":{"line":17,"column":3}},"line":6},"2":{"name":"updateOne","decl":{"start":{"line":19,"column":16},"end":{"line":19,"column":25}},"loc":{"start":{"line":20,"column":2},"end":{"line":36,"column":9}},"line":20},"3":{"name":"(anonymous_3)","decl":{"start":{"line":20,"column":24},"end":{"line":20,"column":25}},"loc":{"start":{"line":20,"column":50},"end":{"line":36,"column":3}},"line":20},"4":{"name":"createOne","decl":{"start":{"line":38,"column":16},"end":{"line":38,"column":25}},"loc":{"start":{"line":39,"column":2},"end":{"line":48,"column":9}},"line":39},"5":{"name":"(anonymous_5)","decl":{"start":{"line":39,"column":24},"end":{"line":39,"column":25}},"loc":{"start":{"line":39,"column":50},"end":{"line":48,"column":3}},"line":39},"6":{"name":"getOne","decl":{"start":{"line":50,"column":16},"end":{"line":50,"column":22}},"loc":{"start":{"line":50,"column":43},"end":{"line":65,"column":9}},"line":50},"7":{"name":"(anonymous_7)","decl":{"start":{"line":50,"column":65},"end":{"line":50,"column":66}},"loc":{"start":{"line":50,"column":91},"end":{"line":65,"column":3}},"line":50},"8":{"name":"getAll","decl":{"start":{"line":67,"column":16},"end":{"line":67,"column":22}},"loc":{"start":{"line":68,"column":2},"end":{"line":89,"column":9}},"line":68},"9":{"name":"(anonymous_9)","decl":{"start":{"line":68,"column":24},"end":{"line":68,"column":25}},"loc":{"start":{"line":68,"column":50},"end":{"line":89,"column":3}},"line":68}},"branchMap":{"0":{"loc":{"start":{"line":9,"column":4},"end":{"line":11,"column":5}},"type":"if","locations":[{"start":{"line":9,"column":4},"end":{"line":11,"column":5}},{"start":{},"end":{}}],"line":9},"1":{"loc":{"start":{"line":26,"column":4},"end":{"line":28,"column":5}},"type":"if","locations":[{"start":{"line":26,"column":4},"end":{"line":28,"column":5}},{"start":{},"end":{}}],"line":26},"2":{"loc":{"start":{"line":52,"column":4},"end":{"line":52,"column":55}},"type":"if","locations":[{"start":{"line":52,"column":4},"end":{"line":52,"column":55}},{"start":{},"end":{}}],"line":52},"3":{"loc":{"start":{"line":55,"column":4},"end":{"line":57,"column":5}},"type":"if","locations":[{"start":{"line":55,"column":4},"end":{"line":57,"column":5}},{"start":{},"end":{}}],"line":55},"4":{"loc":{"start":{"line":71,"column":4},"end":{"line":71,"column":64}},"type":"if","locations":[{"start":{"line":71,"column":4},"end":{"line":71,"column":64}},{"start":{},"end":{}}],"line":71}},"s":{"0":3,"1":0,"2":0,"3":0,"4":0,"5":3,"6":0,"7":0,"8":0,"9":0,"10":2,"11":0,"12":0,"13":3,"14":0,"15":0,"16":0,"17":0,"18":0,"19":0,"20":0,"21":3,"22":1,"23":1,"24":0,"25":1,"26":1,"27":1},"f":{"0":3,"1":0,"2":3,"3":0,"4":2,"5":0,"6":3,"7":0,"8":3,"9":1},"b":{"0":[0,0],"1":[0,0],"2":[0,0],"3":[0,0],"4":[0,1]},"_coverageSchema":"1a1c01bbd47fc00a2c39e90264f33305004495a9","hash":"42b98f786a6edf75ef08b6748e78e6ce6fe5754d"}
,"C:\\Users\\etite\\Desktop\\myweb\\controllers\\userController.js": {"path":"C:\\Users\\etite\\Desktop\\myweb\\controllers\\userController.js","statementMap":{"0":{"start":{"line":6,"column":18},"end":{"line":12,"column":1}},"1":{"start":{"line":7,"column":17},"end":{"line":7,"column":19}},"2":{"start":{"line":8,"column":2},"end":{"line":10,"column":5}},"3":{"start":{"line":9,"column":4},"end":{"line":9,"column":57}},"4":{"start":{"line":9,"column":36},"end":{"line":9,"column":57}},"5":{"start":{"line":11,"column":2},"end":{"line":11,"column":16}},"6":{"start":{"line":15,"column":2},"end":{"line":15,"column":30}},"7":{"start":{"line":16,"column":2},"end":{"line":16,"column":9}},"8":{"start":{"line":19,"column":24},"end":{"line":47,"column":2}},"9":{"start":{"line":21,"column":2},"end":{"line":21,"column":24}},"10":{"start":{"line":23,"column":2},"end":{"line":30,"column":3}},"11":{"start":{"line":24,"column":4},"end":{"line":29,"column":6}},"12":{"start":{"line":33,"column":23},"end":{"line":33,"column":59}},"13":{"start":{"line":36,"column":22},"end":{"line":39,"column":4}},"14":{"start":{"line":41,"column":2},"end":{"line":46,"column":5}},"15":{"start":{"line":49,"column":24},"end":{"line":56,"column":2}},"16":{"start":{"line":50,"column":2},"end":{"line":50,"column":63}},"17":{"start":{"line":52,"column":2},"end":{"line":55,"column":5}},"18":{"start":{"line":59,"column":2},"end":{"line":62,"column":5}},"19":{"start":{"line":65,"column":23},"end":{"line":65,"column":35}},"20":{"start":{"line":66,"column":27},"end":{"line":66,"column":39}},"21":{"start":{"line":68,"column":26},"end":{"line":68,"column":41}},"22":{"start":{"line":69,"column":26},"end":{"line":69,"column":41}}},"fnMap":{"0":{"name":"(anonymous_0)","decl":{"start":{"line":6,"column":18},"end":{"line":6,"column":19}},"loc":{"start":{"line":6,"column":45},"end":{"line":12,"column":1}},"line":6},"1":{"name":"(anonymous_1)","decl":{"start":{"line":8,"column":27},"end":{"line":8,"column":28}},"loc":{"start":{"line":8,"column":33},"end":{"line":10,"column":3}},"line":8},"2":{"name":"getMe","decl":{"start":{"line":14,"column":16},"end":{"line":14,"column":21}},"loc":{"start":{"line":14,"column":38},"end":{"line":17,"column":1}},"line":14},"3":{"name":"(anonymous_3)","decl":{"start":{"line":19,"column":35},"end":{"line":19,"column":36}},"loc":{"start":{"line":19,"column":61},"end":{"line":47,"column":1}},"line":19},"4":{"name":"(anonymous_4)","decl":{"start":{"line":49,"column":35},"end":{"line":49,"column":36}},"loc":{"start":{"line":49,"column":61},"end":{"line":56,"column":1}},"line":49},"5":{"name":"createUser","decl":{"start":{"line":58,"column":16},"end":{"line":58,"column":26}},"loc":{"start":{"line":58,"column":37},"end":{"line":63,"column":1}},"line":58}},"branchMap":{"0":{"loc":{"start":{"line":9,"column":4},"end":{"line":9,"column":57}},"type":"if","locations":[{"start":{"line":9,"column":4},"end":{"line":9,"column":57}},{"start":{},"end":{}}],"line":9},"1":{"loc":{"start":{"line":23,"column":2},"end":{"line":30,"column":3}},"type":"if","locations":[{"start":{"line":23,"column":2},"end":{"line":30,"column":3}},{"start":{},"end":{}}],"line":23},"2":{"loc":{"start":{"line":23,"column":6},"end":{"line":23,"column":51}},"type":"binary-expr","locations":[{"start":{"line":23,"column":6},"end":{"line":23,"column":23}},{"start":{"line":23,"column":27},"end":{"line":23,"column":51}}],"line":23}},"s":{"0":1,"1":0,"2":0,"3":0,"4":0,"5":0,"6":0,"7":0,"8":1,"9":0,"10":0,"11":0,"12":0,"13":0,"14":0,"15":1,"16":0,"17":0,"18":0,"19":1,"20":1,"21":1,"22":1},"f":{"0":0,"1":0,"2":0,"3":0,"4":0,"5":0},"b":{"0":[0,0],"1":[0,0],"2":[0,0]},"_coverageSchema":"1a1c01bbd47fc00a2c39e90264f33305004495a9","hash":"1c778943a5e8aaa3f2b66a6c8be10b51913c1071"}
,"C:\\Users\\etite\\Desktop\\myweb\\models\\blogModel.js": {"path":"C:\\Users\\etite\\Desktop\\myweb\\models\\blogModel.js","statementMap":{"0":{"start":{"line":6,"column":15},"end":{"line":6,"column":30}},"1":{"start":{"line":7,"column":19},"end":{"line":74,"column":1}},"2":{"start":{"line":32,"column":18},"end":{"line":32,"column":43}},"3":{"start":{"line":76,"column":0},"end":{"line":76,"column":39}},"4":{"start":{"line":77,"column":0},"end":{"line":77,"column":30}},"5":{"start":{"line":80,"column":0},"end":{"line":84,"column":3}},"6":{"start":{"line":87,"column":0},"end":{"line":90,"column":3}},"7":{"start":{"line":88,"column":2},"end":{"line":88,"column":50}},"8":{"start":{"line":89,"column":2},"end":{"line":89,"column":9}},"9":{"start":{"line":110,"column":0},"end":{"line":115,"column":3}},"10":{"start":{"line":111,"column":2},"end":{"line":111,"column":43}},"11":{"start":{"line":113,"column":2},"end":{"line":113,"column":26}},"12":{"start":{"line":114,"column":2},"end":{"line":114,"column":9}},"13":{"start":{"line":117,"column":0},"end":{"line":124,"column":3}},"14":{"start":{"line":118,"column":2},"end":{"line":121,"column":5}},"15":{"start":{"line":123,"column":2},"end":{"line":123,"column":9}},"16":{"start":{"line":126,"column":0},"end":{"line":129,"column":3}},"17":{"start":{"line":127,"column":2},"end":{"line":127,"column":69}},"18":{"start":{"line":128,"column":2},"end":{"line":128,"column":9}},"19":{"start":{"line":138,"column":13},"end":{"line":138,"column":47}}},"fnMap":{"0":{"name":"(anonymous_0)","decl":{"start":{"line":32,"column":11},"end":{"line":32,"column":12}},"loc":{"start":{"line":32,"column":18},"end":{"line":32,"column":43}},"line":32},"1":{"name":"(anonymous_1)","decl":{"start":{"line":87,"column":23},"end":{"line":87,"column":24}},"loc":{"start":{"line":87,"column":38},"end":{"line":90,"column":1}},"line":87},"2":{"name":"(anonymous_2)","decl":{"start":{"line":110,"column":24},"end":{"line":110,"column":25}},"loc":{"start":{"line":110,"column":39},"end":{"line":115,"column":1}},"line":110},"3":{"name":"(anonymous_3)","decl":{"start":{"line":117,"column":24},"end":{"line":117,"column":25}},"loc":{"start":{"line":117,"column":39},"end":{"line":124,"column":1}},"line":117},"4":{"name":"(anonymous_4)","decl":{"start":{"line":126,"column":25},"end":{"line":126,"column":26}},"loc":{"start":{"line":126,"column":46},"end":{"line":129,"column":1}},"line":126}},"branchMap":{},"s":{"0":1,"1":1,"2":3,"3":1,"4":1,"5":1,"6":1,"7":0,"8":0,"9":1,"10":1,"11":1,"12":1,"13":1,"14":1,"15":1,"16":1,"17":1,"18":1,"19":1},"f":{"0":3,"1":0,"2":1,"3":1,"4":1},"b":{},"_coverageSchema":"1a1c01bbd47fc00a2c39e90264f33305004495a9","hash":"ab1aaebc1f1d06c05ced2fd54120a46a74c0d7e4"}
,"C:\\Users\\etite\\Desktop\\myweb\\models\\commentModel.js": {"path":"C:\\Users\\etite\\Desktop\\myweb\\models\\commentModel.js","statementMap":{"0":{"start":{"line":5,"column":15},"end":{"line":5,"column":30}},"1":{"start":{"line":6,"column":22},"end":{"line":36,"column":1}},"2":{"start":{"line":38,"column":0},"end":{"line":38,"column":60}},"3":{"start":{"line":40,"column":0},"end":{"line":54,"column":3}},"4":{"start":{"line":49,"column":2},"end":{"line":52,"column":5}},"5":{"start":{"line":53,"column":2},"end":{"line":53,"column":9}},"6":{"start":{"line":56,"column":0},"end":{"line":82,"column":2}},"7":{"start":{"line":57,"column":16},"end":{"line":68,"column":4}},"8":{"start":{"line":71,"column":2},"end":{"line":81,"column":3}},"9":{"start":{"line":72,"column":4},"end":{"line":75,"column":7}},"10":{"start":{"line":77,"column":4},"end":{"line":80,"column":7}},"11":{"start":{"line":84,"column":0},"end":{"line":87,"column":3}},"12":{"start":{"line":86,"column":2},"end":{"line":86,"column":47}},"13":{"start":{"line":91,"column":0},"end":{"line":95,"column":3}},"14":{"start":{"line":92,"column":2},"end":{"line":92,"column":32}},"15":{"start":{"line":94,"column":2},"end":{"line":94,"column":9}},"16":{"start":{"line":97,"column":0},"end":{"line":100,"column":3}},"17":{"start":{"line":99,"column":2},"end":{"line":99,"column":57}},"18":{"start":{"line":102,"column":16},"end":{"line":102,"column":56}}},"fnMap":{"0":{"name":"(anonymous_0)","decl":{"start":{"line":40,"column":27},"end":{"line":40,"column":28}},"loc":{"start":{"line":40,"column":42},"end":{"line":54,"column":1}},"line":40},"1":{"name":"(anonymous_1)","decl":{"start":{"line":56,"column":41},"end":{"line":56,"column":42}},"loc":{"start":{"line":56,"column":64},"end":{"line":82,"column":1}},"line":56},"2":{"name":"(anonymous_2)","decl":{"start":{"line":84,"column":27},"end":{"line":84,"column":28}},"loc":{"start":{"line":84,"column":38},"end":{"line":87,"column":1}},"line":84},"3":{"name":"(anonymous_3)","decl":{"start":{"line":91,"column":33},"end":{"line":91,"column":34}},"loc":{"start":{"line":91,"column":54},"end":{"line":95,"column":1}},"line":91},"4":{"name":"(anonymous_4)","decl":{"start":{"line":97,"column":34},"end":{"line":97,"column":35}},"loc":{"start":{"line":97,"column":51},"end":{"line":100,"column":1}},"line":97}},"branchMap":{"0":{"loc":{"start":{"line":71,"column":2},"end":{"line":81,"column":3}},"type":"if","locations":[{"start":{"line":71,"column":2},"end":{"line":81,"column":3}},{"start":{"line":76,"column":9},"end":{"line":81,"column":3}}],"line":71}},"s":{"0":1,"1":1,"2":1,"3":1,"4":0,"5":0,"6":1,"7":0,"8":0,"9":0,"10":0,"11":1,"12":0,"13":1,"14":0,"15":0,"16":1,"17":0,"18":1},"f":{"0":0,"1":0,"2":0,"3":0,"4":0},"b":{"0":[0,0]},"_coverageSchema":"1a1c01bbd47fc00a2c39e90264f33305004495a9","hash":"45378de89f5b4b70dc7d8c38dc7c0495076d79a5"}
,"C:\\Users\\etite\\Desktop\\myweb\\models\\userModel.js": {"path":"C:\\Users\\etite\\Desktop\\myweb\\models\\userModel.js","statementMap":{"0":{"start":{"line":5,"column":15},"end":{"line":5,"column":30}},"1":{"start":{"line":6,"column":19},"end":{"line":49,"column":2}},"2":{"start":{"line":36,"column":8},"end":{"line":36,"column":36}},"3":{"start":{"line":51,"column":0},"end":{"line":61,"column":3}},"4":{"start":{"line":53,"column":2},"end":{"line":53,"column":50}},"5":{"start":{"line":53,"column":36},"end":{"line":53,"column":50}},"6":{"start":{"line":56,"column":2},"end":{"line":56,"column":57}},"7":{"start":{"line":59,"column":2},"end":{"line":59,"column":35}},"8":{"start":{"line":60,"column":2},"end":{"line":60,"column":9}},"9":{"start":{"line":63,"column":0},"end":{"line":68,"column":3}},"10":{"start":{"line":64,"column":2},"end":{"line":64,"column":64}},"11":{"start":{"line":64,"column":50},"end":{"line":64,"column":64}},"12":{"start":{"line":66,"column":2},"end":{"line":66,"column":45}},"13":{"start":{"line":67,"column":2},"end":{"line":67,"column":9}},"14":{"start":{"line":70,"column":0},"end":{"line":74,"column":3}},"15":{"start":{"line":72,"column":2},"end":{"line":72,"column":40}},"16":{"start":{"line":73,"column":2},"end":{"line":73,"column":9}},"17":{"start":{"line":76,"column":0},"end":{"line":81,"column":2}},"18":{"start":{"line":80,"column":2},"end":{"line":80,"column":65}},"19":{"start":{"line":83,"column":0},"end":{"line":95,"column":2}},"20":{"start":{"line":84,"column":2},"end":{"line":91,"column":3}},"21":{"start":{"line":85,"column":29},"end":{"line":88,"column":5}},"22":{"start":{"line":90,"column":4},"end":{"line":90,"column":43}},"23":{"start":{"line":94,"column":2},"end":{"line":94,"column":15}},"24":{"start":{"line":97,"column":0},"end":{"line":109,"column":2}},"25":{"start":{"line":98,"column":21},"end":{"line":98,"column":52}},"26":{"start":{"line":100,"column":2},"end":{"line":102,"column":19}},"27":{"start":{"line":104,"column":2},"end":{"line":104,"column":55}},"28":{"start":{"line":106,"column":2},"end":{"line":106,"column":58}},"29":{"start":{"line":108,"column":2},"end":{"line":108,"column":20}},"30":{"start":{"line":111,"column":13},"end":{"line":111,"column":47}}},"fnMap":{"0":{"name":"(anonymous_0)","decl":{"start":{"line":35,"column":17},"end":{"line":35,"column":18}},"loc":{"start":{"line":35,"column":30},"end":{"line":37,"column":7}},"line":35},"1":{"name":"(anonymous_1)","decl":{"start":{"line":51,"column":23},"end":{"line":51,"column":24}},"loc":{"start":{"line":51,"column":44},"end":{"line":61,"column":1}},"line":51},"2":{"name":"(anonymous_2)","decl":{"start":{"line":63,"column":23},"end":{"line":63,"column":24}},"loc":{"start":{"line":63,"column":38},"end":{"line":68,"column":1}},"line":63},"3":{"name":"(anonymous_3)","decl":{"start":{"line":70,"column":24},"end":{"line":70,"column":25}},"loc":{"start":{"line":70,"column":39},"end":{"line":74,"column":1}},"line":70},"4":{"name":"(anonymous_4)","decl":{"start":{"line":76,"column":37},"end":{"line":76,"column":38}},"loc":{"start":{"line":79,"column":2},"end":{"line":81,"column":1}},"line":79},"5":{"name":"(anonymous_5)","decl":{"start":{"line":83,"column":42},"end":{"line":83,"column":43}},"loc":{"start":{"line":83,"column":65},"end":{"line":95,"column":1}},"line":83},"6":{"name":"(anonymous_6)","decl":{"start":{"line":97,"column":46},"end":{"line":97,"column":47}},"loc":{"start":{"line":97,"column":57},"end":{"line":109,"column":1}},"line":97}},"branchMap":{"0":{"loc":{"start":{"line":53,"column":2},"end":{"line":53,"column":50}},"type":"if","locations":[{"start":{"line":53,"column":2},"end":{"line":53,"column":50}},{"start":{},"end":{}}],"line":53},"1":{"loc":{"start":{"line":64,"column":2},"end":{"line":64,"column":64}},"type":"if","locations":[{"start":{"line":64,"column":2},"end":{"line":64,"column":64}},{"start":{},"end":{}}],"line":64},"2":{"loc":{"start":{"line":64,"column":6},"end":{"line":64,"column":48}},"type":"binary-expr","locations":[{"start":{"line":64,"column":6},"end":{"line":64,"column":34}},{"start":{"line":64,"column":38},"end":{"line":64,"column":48}}],"line":64},"3":{"loc":{"start":{"line":84,"column":2},"end":{"line":91,"column":3}},"type":"if","locations":[{"start":{"line":84,"column":2},"end":{"line":91,"column":3}},{"start":{},"end":{}}],"line":84}},"s":{"0":1,"1":1,"2":0,"3":1,"4":0,"5":0,"6":0,"7":0,"8":0,"9":1,"10":0,"11":0,"12":0,"13":0,"14":1,"15":0,"16":0,"17":1,"18":0,"19":1,"20":0,"21":0,"22":0,"23":0,"24":1,"25":0,"26":0,"27":0,"28":0,"29":0,"30":1},"f":{"0":0,"1":0,"2":0,"3":0,"4":0,"5":0,"6":0},"b":{"0":[0,0],"1":[0,0],"2":[0,0],"3":[0,0]},"_coverageSchema":"1a1c01bbd47fc00a2c39e90264f33305004495a9","hash":"bf9f17955917e6811ccb6b7e928cfe7999b4784e"}
,"C:\\Users\\etite\\Desktop\\myweb\\routes\\blogRoutes.js": {"path":"C:\\Users\\etite\\Desktop\\myweb\\routes\\blogRoutes.js","statementMap":{"0":{"start":{"line":14,"column":15},"end":{"line":14,"column":23}},"1":{"start":{"line":21,"column":0},"end":{"line":21,"column":47}},"2":{"start":{"line":23,"column":0},"end":{"line":23,"column":61}},"3":{"start":{"line":25,"column":0},"end":{"line":25,"column":46}},"4":{"start":{"line":27,"column":0},"end":{"line":30,"column":64}},"5":{"start":{"line":32,"column":0},"end":{"line":36,"column":66}}},"fnMap":{},"branchMap":{},"s":{"0":1,"1":1,"2":1,"3":1,"4":1,"5":1},"f":{},"b":{},"_coverageSchema":"1a1c01bbd47fc00a2c39e90264f33305004495a9","hash":"84f2af455f1f7c05538295d7b2048035e0d1550e"}
,"C:\\Users\\etite\\Desktop\\myweb\\routes\\commentRoutes.js": {"path":"C:\\Users\\etite\\Desktop\\myweb\\routes\\commentRoutes.js","statementMap":{"0":{"start":{"line":6,"column":15},"end":{"line":6,"column":44}},"1":{"start":{"line":8,"column":0},"end":{"line":8,"column":20}},"2":{"start":{"line":10,"column":0},"end":{"line":17,"column":4}},"3":{"start":{"line":19,"column":0},"end":{"line":29,"column":4}}},"fnMap":{},"branchMap":{},"s":{"0":1,"1":1,"2":1,"3":1},"f":{},"b":{},"_coverageSchema":"1a1c01bbd47fc00a2c39e90264f33305004495a9","hash":"cf3ce2cf3af5138679bde4460cfbd2285324859f"}
,"C:\\Users\\etite\\Desktop\\myweb\\routes\\userRoutes.js": {"path":"C:\\Users\\etite\\Desktop\\myweb\\routes\\userRoutes.js","statementMap":{"0":{"start":{"line":6,"column":15},"end":{"line":6,"column":48}},"1":{"start":{"line":7,"column":15},"end":{"line":7,"column":23}},"2":{"start":{"line":9,"column":0},"end":{"line":9,"column":31}},"3":{"start":{"line":10,"column":0},"end":{"line":10,"column":29}},"4":{"start":{"line":12,"column":0},"end":{"line":12,"column":47}},"5":{"start":{"line":13,"column":0},"end":{"line":13,"column":53}},"6":{"start":{"line":15,"column":0},"end":{"line":19,"column":2}},"7":{"start":{"line":21,"column":0},"end":{"line":21,"column":69}},"8":{"start":{"line":22,"column":0},"end":{"line":22,"column":46}},"9":{"start":{"line":24,"column":0},"end":{"line":27,"column":20}},"10":{"start":{"line":29,"column":0},"end":{"line":33,"column":22}}},"fnMap":{},"branchMap":{},"s":{"0":1,"1":1,"2":1,"3":1,"4":1,"5":1,"6":1,"7":1,"8":1,"9":1,"10":1},"f":{},"b":{},"_coverageSchema":"1a1c01bbd47fc00a2c39e90264f33305004495a9","hash":"0e5e8db6916eb814b8cbeb08687d30e4abcd935f"}
,"C:\\Users\\etite\\Desktop\\myweb\\utils\\apiFeatures.js": {"path":"C:\\Users\\etite\\Desktop\\myweb\\utils\\apiFeatures.js","statementMap":{"0":{"start":{"line":3,"column":4},"end":{"line":3,"column":23}},"1":{"start":{"line":4,"column":4},"end":{"line":4,"column":35}},"2":{"start":{"line":8,"column":21},"end":{"line":8,"column":44}},"3":{"start":{"line":9,"column":27},"end":{"line":9,"column":62}},"4":{"start":{"line":10,"column":4},"end":{"line":10,"column":54}},"5":{"start":{"line":10,"column":33},"end":{"line":10,"column":52}},"6":{"start":{"line":13,"column":19},"end":{"line":13,"column":43}},"7":{"start":{"line":14,"column":4},"end":{"line":14,"column":78}},"8":{"start":{"line":14,"column":65},"end":{"line":14,"column":76}},"9":{"start":{"line":16,"column":4},"end":{"line":16,"column":55}},"10":{"start":{"line":18,"column":4},"end":{"line":18,"column":16}},"11":{"start":{"line":22,"column":4},"end":{"line":27,"column":5}},"12":{"start":{"line":23,"column":21},"end":{"line":23,"column":63}},"13":{"start":{"line":24,"column":6},"end":{"line":24,"column":43}},"14":{"start":{"line":26,"column":6},"end":{"line":26,"column":49}},"15":{"start":{"line":29,"column":4},"end":{"line":29,"column":16}},"16":{"start":{"line":33,"column":4},"end":{"line":38,"column":5}},"17":{"start":{"line":34,"column":21},"end":{"line":34,"column":65}},"18":{"start":{"line":35,"column":6},"end":{"line":35,"column":45}},"19":{"start":{"line":37,"column":6},"end":{"line":37,"column":45}},"20":{"start":{"line":40,"column":4},"end":{"line":40,"column":16}},"21":{"start":{"line":44,"column":17},"end":{"line":44,"column":47}},"22":{"start":{"line":45,"column":18},"end":{"line":45,"column":51}},"23":{"start":{"line":46,"column":17},"end":{"line":46,"column":35}},"24":{"start":{"line":48,"column":4},"end":{"line":48,"column":52}},"25":{"start":{"line":50,"column":4},"end":{"line":50,"column":16}}},"fnMap":{"0":{"name":"(anonymous_0)","decl":{"start":{"line":2,"column":2},"end":{"line":2,"column":3}},"loc":{"start":{"line":2,"column":34},"end":{"line":5,"column":3}},"line":2},"1":{"name":"(anonymous_1)","decl":{"start":{"line":7,"column":2},"end":{"line":7,"column":3}},"loc":{"start":{"line":7,"column":11},"end":{"line":19,"column":3}},"line":7},"2":{"name":"(anonymous_2)","decl":{"start":{"line":10,"column":27},"end":{"line":10,"column":28}},"loc":{"start":{"line":10,"column":33},"end":{"line":10,"column":52}},"line":10},"3":{"name":"(anonymous_3)","decl":{"start":{"line":14,"column":56},"end":{"line":14,"column":57}},"loc":{"start":{"line":14,"column":65},"end":{"line":14,"column":76}},"line":14},"4":{"name":"(anonymous_4)","decl":{"start":{"line":21,"column":2},"end":{"line":21,"column":3}},"loc":{"start":{"line":21,"column":9},"end":{"line":30,"column":3}},"line":21},"5":{"name":"(anonymous_5)","decl":{"start":{"line":32,"column":2},"end":{"line":32,"column":3}},"loc":{"start":{"line":32,"column":16},"end":{"line":41,"column":3}},"line":32},"6":{"name":"(anonymous_6)","decl":{"start":{"line":43,"column":2},"end":{"line":43,"column":3}},"loc":{"start":{"line":43,"column":13},"end":{"line":51,"column":3}},"line":43}},"branchMap":{"0":{"loc":{"start":{"line":22,"column":4},"end":{"line":27,"column":5}},"type":"if","locations":[{"start":{"line":22,"column":4},"end":{"line":27,"column":5}},{"start":{"line":25,"column":11},"end":{"line":27,"column":5}}],"line":22},"1":{"loc":{"start":{"line":33,"column":4},"end":{"line":38,"column":5}},"type":"if","locations":[{"start":{"line":33,"column":4},"end":{"line":38,"column":5}},{"start":{"line":36,"column":11},"end":{"line":38,"column":5}}],"line":33},"2":{"loc":{"start":{"line":44,"column":17},"end":{"line":44,"column":47}},"type":"binary-expr","locations":[{"start":{"line":44,"column":17},"end":{"line":44,"column":42}},{"start":{"line":44,"column":46},"end":{"line":44,"column":47}}],"line":44},"3":{"loc":{"start":{"line":45,"column":18},"end":{"line":45,"column":51}},"type":"binary-expr","locations":[{"start":{"line":45,"column":18},"end":{"line":45,"column":44}},{"start":{"line":45,"column":48},"end":{"line":45,"column":51}}],"line":45}},"s":{"0":1,"1":1,"2":1,"3":1,"4":1,"5":4,"6":1,"7":1,"8":0,"9":1,"10":1,"11":1,"12":0,"13":0,"14":1,"15":1,"16":1,"17":0,"18":0,"19":1,"20":1,"21":1,"22":1,"23":1,"24":1,"25":1},"f":{"0":1,"1":1,"2":4,"3":0,"4":1,"5":1,"6":1},"b":{"0":[0,1],"1":[0,1],"2":[1,1],"3":[1,1]},"_coverageSchema":"1a1c01bbd47fc00a2c39e90264f33305004495a9","hash":"88feb2b4f178df9bce0a6c3c03d4bf7825aea3b1"}
,"C:\\Users\\etite\\Desktop\\myweb\\utils\\appError.js": {"path":"C:\\Users\\etite\\Desktop\\myweb\\utils\\appError.js","statementMap":{"0":{"start":{"line":3,"column":4},"end":{"line":3,"column":19}},"1":{"start":{"line":5,"column":4},"end":{"line":5,"column":33}},"2":{"start":{"line":6,"column":4},"end":{"line":6,"column":69}},"3":{"start":{"line":7,"column":4},"end":{"line":7,"column":30}},"4":{"start":{"line":9,"column":4},"end":{"line":9,"column":52}}},"fnMap":{"0":{"name":"(anonymous_0)","decl":{"start":{"line":2,"column":2},"end":{"line":2,"column":3}},"loc":{"start":{"line":2,"column":35},"end":{"line":10,"column":3}},"line":2}},"branchMap":{"0":{"loc":{"start":{"line":6,"column":18},"end":{"line":6,"column":68}},"type":"cond-expr","locations":[{"start":{"line":6,"column":52},"end":{"line":6,"column":58}},{"start":{"line":6,"column":61},"end":{"line":6,"column":68}}],"line":6}},"s":{"0":2,"1":2,"2":2,"3":2,"4":2},"f":{"0":2},"b":{"0":[2,0]},"_coverageSchema":"1a1c01bbd47fc00a2c39e90264f33305004495a9","hash":"646c939c32bce551dccfd1b148d3536ee49850cd"}
,"C:\\Users\\etite\\Desktop\\myweb\\utils\\catchAsync.js": {"path":"C:\\Users\\etite\\Desktop\\myweb\\utils\\catchAsync.js","statementMap":{"0":{"start":{"line":2,"column":2},"end":{"line":4,"column":4}},"1":{"start":{"line":3,"column":4},"end":{"line":3,"column":35}}},"fnMap":{"0":{"name":"(anonymous_0)","decl":{"start":{"line":1,"column":15},"end":{"line":1,"column":16}},"loc":{"start":{"line":1,"column":21},"end":{"line":5,"column":1}},"line":1},"1":{"name":"(anonymous_1)","decl":{"start":{"line":2,"column":9},"end":{"line":2,"column":10}},"loc":{"start":{"line":2,"column":29},"end":{"line":4,"column":3}},"line":2}},"branchMap":{},"s":{"0":23,"1":3},"f":{"0":23,"1":3},"b":{},"_coverageSchema":"1a1c01bbd47fc00a2c39e90264f33305004495a9","hash":"e8a680920f9caeb6e9fa75d7ba6abd13604dd53f"}
,"C:\\Users\\etite\\Desktop\\myweb\\utils\\email.js": {"path":"C:\\Users\\etite\\Desktop\\myweb\\utils\\email.js","statementMap":{"0":{"start":{"line":3,"column":18},"end":{"line":25,"column":1}},"1":{"start":{"line":5,"column":22},"end":{"line":12,"column":4}},"2":{"start":{"line":15,"column":22},"end":{"line":21,"column":3}},"3":{"start":{"line":24,"column":2},"end":{"line":24,"column":42}}},"fnMap":{"0":{"name":"(anonymous_0)","decl":{"start":{"line":3,"column":18},"end":{"line":3,"column":19}},"loc":{"start":{"line":3,"column":35},"end":{"line":25,"column":1}},"line":3}},"branchMap":{},"s":{"0":1,"1":0,"2":0,"3":0},"f":{"0":0},"b":{},"_coverageSchema":"1a1c01bbd47fc00a2c39e90264f33305004495a9","hash":"d1a15d9a8ff0a3af33d15f66ae3dd92cd47f5969"}
}
