TN:
SF:app.js
FN:54,(anonymous_0)
FN:65,(anonymous_1)
FNF:2
FNH:1
FNDA:16,(anonymous_0)
FNDA:0,(anonymous_1)
DA:15,3
DA:22,3
DA:23,0
DA:27,3
DA:35,3
DA:51,3
DA:54,3
DA:55,16
DA:57,16
DA:61,3
DA:62,3
DA:63,3
DA:65,3
DA:66,0
LF:14
LH:12
BRDA:22,0,0,0
BRDA:22,0,1,3
BRF:2
BRH:1
end_of_record
TN:
SF:controllers\authController.js
FN:9,(anonymous_0)
FN:15,(anonymous_1)
FN:39,(anonymous_2)
FN:50,(anonymous_3)
FN:68,(anonymous_4)
FN:110,restrictTo
FN:111,(anonymous_6)
FN:123,(anonymous_7)
FN:164,(anonymous_8)
FN:190,(anonymous_9)
FNF:10
FNH:5
FNDA:1,(anonymous_0)
FNDA:1,(anonymous_1)
FNDA:1,(anonymous_2)
FNDA:1,(anonymous_3)
FNDA:8,(anonymous_4)
FNDA:0,restrictTo
FNDA:0,(anonymous_6)
FNDA:0,(anonymous_7)
FNDA:0,(anonymous_8)
FNDA:0,(anonymous_9)
DA:9,3
DA:10,1
DA:15,3
DA:16,1
DA:17,0
DA:23,0
DA:25,0
DA:28,0
DA:30,0
DA:39,3
DA:40,1
DA:47,0
DA:50,3
DA:51,1
DA:54,1
DA:55,0
DA:58,1
DA:60,1
DA:61,0
DA:65,1
DA:68,3
DA:71,8
DA:75,0
DA:78,8
DA:79,8
DA:85,0
DA:88,0
DA:89,0
DA:90,0
DA:99,0
DA:100,0
DA:106,0
DA:107,0
DA:111,0
DA:113,0
DA:114,0
DA:119,0
DA:123,3
DA:125,0
DA:126,0
DA:127,0
DA:131,0
DA:132,0
DA:135,0
DA:139,0
DA:141,0
DA:142,0
DA:148,0
DA:153,0
DA:154,0
DA:155,0
DA:157,0
DA:164,3
DA:166,0
DA:170,0
DA:176,0
DA:177,0
DA:179,0
DA:180,0
DA:181,0
DA:182,0
DA:183,0
DA:187,0
DA:190,3
DA:192,0
DA:195,0
DA:196,0
DA:200,0
DA:201,0
DA:202,0
DA:206,0
LF:71
LH:19
BRDA:23,0,0,0
BRDA:23,0,1,0
BRDA:54,1,0,0
BRDA:54,1,1,1
BRDA:54,2,0,1
BRDA:54,2,1,1
BRDA:60,3,0,0
BRDA:60,3,1,1
BRDA:60,4,0,1
BRDA:60,4,1,1
BRDA:71,5,0,0
BRDA:71,5,1,8
BRDA:72,6,0,8
BRDA:72,6,1,0
BRDA:78,7,0,8
BRDA:78,7,1,0
BRDA:89,8,0,0
BRDA:89,8,1,0
BRDA:99,9,0,0
BRDA:99,9,1,0
BRDA:113,10,0,0
BRDA:113,10,1,0
BRDA:126,11,0,0
BRDA:126,11,1,0
BRDA:176,12,0,0
BRDA:176,12,1,0
BRDA:195,13,0,0
BRDA:195,13,1,0
BRF:28
BRH:9
end_of_record
TN:
SF:controllers\blogController.js
FN:6,aliasTopBlogs
FN:19,(anonymous_1)
FNF:2
FNH:0
FNDA:0,aliasTopBlogs
FNDA:0,(anonymous_1)
DA:7,0
DA:8,0
DA:9,0
DA:10,0
DA:13,3
DA:14,3
DA:15,3
DA:16,3
DA:17,3
DA:19,3
DA:20,0
DA:37,0
LF:12
LH:6
BRF:0
BRH:0
end_of_record
TN:
SF:controllers\commentController.js
FN:5,setBlogUserIds
FNF:1
FNH:0
FNDA:0,setBlogUserIds
DA:7,0
DA:8,0
DA:9,0
DA:12,3
DA:13,3
DA:14,3
DA:15,3
DA:16,3
LF:8
LH:5
BRDA:7,0,0,0
BRDA:7,0,1,0
BRDA:8,1,0,0
BRDA:8,1,1,0
BRF:4
BRH:0
end_of_record
TN:
SF:controllers\handlerFactory.js
FN:5,deleteOne
FN:6,(anonymous_1)
FN:19,updateOne
FN:20,(anonymous_3)
FN:38,createOne
FN:39,(anonymous_5)
FN:50,getOne
FN:50,(anonymous_7)
FN:67,getAll
FN:68,(anonymous_9)
FNF:10
FNH:9
FNDA:9,deleteOne
FNDA:1,(anonymous_1)
FNDA:9,updateOne
FNDA:1,(anonymous_3)
FNDA:6,createOne
FNDA:0,(anonymous_5)
FNDA:9,getOne
FNDA:2,(anonymous_7)
FNDA:9,getAll
FNDA:2,(anonymous_9)
DA:6,9
DA:7,1
DA:9,0
DA:10,0
DA:13,0
DA:20,9
DA:21,1
DA:26,1
DA:27,0
DA:30,1
DA:39,6
DA:40,0
DA:42,0
DA:50,9
DA:51,2
DA:52,2
DA:53,2
DA:55,2
DA:56,0
DA:59,2
DA:68,9
DA:70,2
DA:71,2
DA:73,2
DA:79,2
DA:82,2
LF:26
LH:19
BRDA:9,0,0,0
BRDA:9,0,1,0
BRDA:26,1,0,0
BRDA:26,1,1,1
BRDA:52,2,0,1
BRDA:52,2,1,1
BRDA:55,3,0,0
BRDA:55,3,1,2
BRDA:71,4,0,0
BRDA:71,4,1,2
BRF:10
BRH:5
end_of_record
TN:
SF:controllers\userController.js
FN:6,(anonymous_0)
FN:8,(anonymous_1)
FN:14,getMe
FN:19,(anonymous_3)
FN:49,(anonymous_4)
FN:58,createUser
FNF:6
FNH:0
FNDA:0,(anonymous_0)
FNDA:0,(anonymous_1)
FNDA:0,getMe
FNDA:0,(anonymous_3)
FNDA:0,(anonymous_4)
FNDA:0,createUser
DA:6,3
DA:7,0
DA:8,0
DA:9,0
DA:11,0
DA:15,0
DA:16,0
DA:19,3
DA:21,0
DA:23,0
DA:24,0
DA:33,0
DA:36,0
DA:41,0
DA:49,3
DA:50,0
DA:52,0
DA:59,0
DA:65,3
DA:66,3
DA:68,3
DA:69,3
LF:22
LH:7
BRDA:9,0,0,0
BRDA:9,0,1,0
BRDA:23,1,0,0
BRDA:23,1,1,0
BRDA:23,2,0,0
BRDA:23,2,1,0
BRF:6
BRH:0
end_of_record
TN:
SF:models\blogModel.js
FN:32,(anonymous_0)
FN:87,(anonymous_1)
FN:96,(anonymous_2)
FN:103,(anonymous_3)
FN:112,(anonymous_4)
FNF:5
FNH:4
FNDA:19,(anonymous_0)
FNDA:0,(anonymous_1)
FNDA:2,(anonymous_2)
FNDA:2,(anonymous_3)
FNDA:2,(anonymous_4)
DA:6,3
DA:7,3
DA:32,19
DA:76,3
DA:77,3
DA:80,3
DA:87,3
DA:88,0
DA:89,0
DA:96,3
DA:97,2
DA:99,2
DA:100,2
DA:103,3
DA:104,2
DA:109,2
DA:112,3
DA:113,2
DA:114,2
DA:124,3
LF:20
LH:18
BRF:0
BRH:0
end_of_record
TN:
SF:models\commentModel.js
FN:40,(anonymous_0)
FN:56,(anonymous_1)
FN:84,(anonymous_2)
FN:91,(anonymous_3)
FN:97,(anonymous_4)
FNF:5
FNH:1
FNDA:1,(anonymous_0)
FNDA:0,(anonymous_1)
FNDA:0,(anonymous_2)
FNDA:0,(anonymous_3)
FNDA:0,(anonymous_4)
DA:5,3
DA:6,3
DA:38,3
DA:40,3
DA:49,1
DA:53,1
DA:56,3
DA:57,0
DA:71,0
DA:72,0
DA:77,0
DA:84,3
DA:86,0
DA:91,3
DA:92,0
DA:94,0
DA:97,3
DA:99,0
DA:102,3
LF:19
LH:11
BRDA:71,0,0,0
BRDA:71,0,1,0
BRF:2
BRH:0
end_of_record
TN:
SF:models\userModel.js
FN:35,(anonymous_0)
FN:51,(anonymous_1)
FN:63,(anonymous_2)
FN:70,(anonymous_3)
FN:76,(anonymous_4)
FN:83,(anonymous_5)
FN:97,(anonymous_6)
FNF:7
FNH:5
FNDA:1,(anonymous_0)
FNDA:1,(anonymous_1)
FNDA:1,(anonymous_2)
FNDA:7,(anonymous_3)
FNDA:1,(anonymous_4)
FNDA:0,(anonymous_5)
FNDA:0,(anonymous_6)
DA:5,3
DA:6,3
DA:36,1
DA:51,3
DA:53,1
DA:56,1
DA:59,1
DA:60,1
DA:63,3
DA:64,1
DA:66,0
DA:67,0
DA:70,3
DA:72,7
DA:73,7
DA:76,3
DA:80,1
DA:83,3
DA:84,0
DA:85,0
DA:90,0
DA:94,0
DA:97,3
DA:98,0
DA:100,0
DA:104,0
DA:106,0
DA:108,0
DA:111,3
LF:29
LH:18
BRDA:53,0,0,0
BRDA:53,0,1,1
BRDA:64,1,0,1
BRDA:64,1,1,0
BRDA:64,2,0,1
BRDA:64,2,1,1
BRDA:84,3,0,0
BRDA:84,3,1,0
BRF:8
BRH:4
end_of_record
TN:
SF:routes\blogRoutes.js
FNF:0
FNH:0
DA:14,3
DA:21,3
DA:23,3
DA:25,3
DA:27,3
DA:32,3
LF:6
LH:6
BRF:0
BRH:0
end_of_record
TN:
SF:routes\commentRoutes.js
FNF:0
FNH:0
DA:12,3
DA:14,3
DA:16,3
DA:21,3
LF:4
LH:4
BRF:0
BRH:0
end_of_record
TN:
SF:routes\userRoutes.js
FNF:0
FNH:0
DA:6,3
DA:7,3
DA:9,3
DA:10,3
DA:12,3
DA:13,3
DA:15,3
DA:21,3
DA:22,3
DA:24,3
DA:29,3
LF:11
LH:11
BRF:0
BRH:0
end_of_record
TN:
SF:utils\apiFeatures.js
FN:2,(anonymous_0)
FN:7,(anonymous_1)
FN:10,(anonymous_2)
FN:14,(anonymous_3)
FN:21,(anonymous_4)
FN:32,(anonymous_5)
FN:43,(anonymous_6)
FNF:7
FNH:6
FNDA:2,(anonymous_0)
FNDA:2,(anonymous_1)
FNDA:8,(anonymous_2)
FNDA:0,(anonymous_3)
FNDA:2,(anonymous_4)
FNDA:2,(anonymous_5)
FNDA:2,(anonymous_6)
DA:3,2
DA:4,2
DA:8,2
DA:9,2
DA:10,8
DA:13,2
DA:14,2
DA:16,2
DA:18,2
DA:22,2
DA:23,0
DA:24,0
DA:26,2
DA:29,2
DA:33,2
DA:34,0
DA:35,0
DA:37,2
DA:40,2
DA:44,2
DA:45,2
DA:46,2
DA:48,2
DA:50,2
LF:24
LH:20
BRDA:22,0,0,0
BRDA:22,0,1,2
BRDA:33,1,0,0
BRDA:33,1,1,2
BRDA:44,2,0,2
BRDA:44,2,1,2
BRDA:45,3,0,2
BRDA:45,3,1,2
BRF:8
BRH:6
end_of_record
TN:
SF:utils\appError.js
FN:2,(anonymous_0)
FNF:1
FNH:1
FNDA:8,(anonymous_0)
DA:3,8
DA:5,8
DA:6,8
DA:7,8
DA:9,8
LF:5
LH:5
BRDA:6,0,0,8
BRDA:6,0,1,0
BRF:2
BRH:1
end_of_record
TN:
SF:utils\catchAsync.js
FN:1,(anonymous_0)
FN:2,(anonymous_1)
FNF:2
FNH:2
FNDA:69,(anonymous_0)
FNDA:16,(anonymous_1)
DA:2,69
DA:3,16
LF:2
LH:2
BRF:0
BRH:0
end_of_record
TN:
SF:utils\email.js
FN:3,(anonymous_0)
FNF:1
FNH:0
FNDA:0,(anonymous_0)
DA:3,3
DA:5,0
DA:15,0
DA:24,0
LF:4
LH:1
BRF:0
BRH:0
end_of_record
